2022-11-10 16:50:34.881|INFO|main|www.larkmidtable.com.HongHuStart|main|21|Hello! 鸿鹄!
2022-11-10 16:50:34.885|INFO|main|www.larkmidtable.com.HongHuStart|main|23|开始迁移任务!
2022-11-10 16:50:34.926|INFO|pool-1-thread-2|www.larkmidtable.com.HongHuStart|lambda$main$0|28|任务处理线程ID: 13
2022-11-10 16:50:34.926|INFO|pool-1-thread-1|www.larkmidtable.com.HongHuStart|lambda$main$0|28|任务处理线程ID: 12
2022-11-10 16:50:34.927|INFO|pool-1-thread-3|www.larkmidtable.com.HongHuStart|lambda$main$0|28|任务处理线程ID: 14
2022-11-10 16:50:34.927|INFO|main|www.larkmidtable.com.HongHuStart|main|37|结束迁移任务!
2022-11-10 16:50:34.927|INFO|pool-1-thread-4|www.larkmidtable.com.HongHuStart|lambda$main$0|28|任务处理线程ID: 15
2022-11-10 16:50:34.927|INFO|pool-1-thread-5|www.larkmidtable.com.HongHuStart|lambda$main$0|28|任务处理线程ID: 16
2022-11-10 16:50:35.927|INFO|pool-1-thread-2|www.larkmidtable.com.HongHuStart|lambda$main$0|28|任务处理线程ID: 13
2022-11-10 16:50:35.927|INFO|pool-1-thread-3|www.larkmidtable.com.HongHuStart|lambda$main$0|28|任务处理线程ID: 14
2022-11-10 16:50:35.927|INFO|pool-1-thread-1|www.larkmidtable.com.HongHuStart|lambda$main$0|28|任务处理线程ID: 12
2022-11-10 16:50:35.938|INFO|pool-1-thread-4|www.larkmidtable.com.HongHuStart|lambda$main$0|28|任务处理线程ID: 15
2022-11-10 16:50:35.938|INFO|pool-1-thread-5|www.larkmidtable.com.HongHuStart|lambda$main$0|28|任务处理线程ID: 16
2022-11-10 17:05:46.484|INFO|main|www.larkmidtable.com.HongHuStart|main|25|Hello! 鸿鹄!
2022-11-10 17:05:46.493|INFO|main|www.larkmidtable.com.HongHuStart|main|33|test
2022-11-10 17:05:46.495|INFO|main|www.larkmidtable.com.HongHuStart|main|34|开始迁移任务!
2022-11-10 17:05:46.534|INFO|pool-1-thread-2|www.larkmidtable.com.HongHuStart|lambda$main$0|39|任务处理线程ID: 13
2022-11-10 17:05:46.534|INFO|main|www.larkmidtable.com.HongHuStart|main|48|结束迁移任务!
2022-11-10 17:05:46.534|INFO|pool-1-thread-1|www.larkmidtable.com.HongHuStart|lambda$main$0|39|任务处理线程ID: 12
2022-11-10 17:05:46.534|INFO|pool-1-thread-4|www.larkmidtable.com.HongHuStart|lambda$main$0|39|任务处理线程ID: 15
2022-11-10 17:05:46.534|INFO|pool-1-thread-3|www.larkmidtable.com.HongHuStart|lambda$main$0|39|任务处理线程ID: 14
2022-11-10 17:05:46.534|INFO|pool-1-thread-5|www.larkmidtable.com.HongHuStart|lambda$main$0|39|任务处理线程ID: 16
2022-11-10 17:05:47.534|INFO|pool-1-thread-2|www.larkmidtable.com.HongHuStart|lambda$main$0|39|任务处理线程ID: 13
2022-11-10 17:05:47.535|INFO|pool-1-thread-1|www.larkmidtable.com.HongHuStart|lambda$main$0|39|任务处理线程ID: 12
2022-11-10 17:05:47.535|INFO|pool-1-thread-5|www.larkmidtable.com.HongHuStart|lambda$main$0|39|任务处理线程ID: 16
2022-11-10 17:05:47.535|INFO|pool-1-thread-4|www.larkmidtable.com.HongHuStart|lambda$main$0|39|任务处理线程ID: 15
2022-11-10 17:05:47.535|INFO|pool-1-thread-3|www.larkmidtable.com.HongHuStart|lambda$main$0|39|任务处理线程ID: 14
2022-11-10 17:06:11.662|INFO|main|www.larkmidtable.com.HongHuStart|main|25|Hello! 鸿鹄!
2022-11-10 17:06:11.670|INFO|main|www.larkmidtable.com.HongHuStart|main|33|test
2022-11-10 17:06:11.671|INFO|main|www.larkmidtable.com.HongHuStart|main|34|开始迁移任务!
2022-11-10 17:06:11.711|INFO|pool-1-thread-2|www.larkmidtable.com.HongHuStart|lambda$main$0|39|任务处理线程ID: 13
2022-11-10 17:06:11.711|INFO|pool-1-thread-1|www.larkmidtable.com.HongHuStart|lambda$main$0|39|任务处理线程ID: 12
2022-11-10 17:06:11.711|INFO|pool-1-thread-3|www.larkmidtable.com.HongHuStart|lambda$main$0|39|任务处理线程ID: 14
2022-11-10 17:06:11.711|INFO|main|www.larkmidtable.com.HongHuStart|main|48|结束迁移任务!
2022-11-10 17:06:11.711|INFO|pool-1-thread-4|www.larkmidtable.com.HongHuStart|lambda$main$0|39|任务处理线程ID: 15
2022-11-10 17:06:11.711|INFO|pool-1-thread-5|www.larkmidtable.com.HongHuStart|lambda$main$0|39|任务处理线程ID: 16
2022-11-10 17:06:12.711|INFO|pool-1-thread-1|www.larkmidtable.com.HongHuStart|lambda$main$0|39|任务处理线程ID: 12
2022-11-10 17:06:12.711|INFO|pool-1-thread-2|www.larkmidtable.com.HongHuStart|lambda$main$0|39|任务处理线程ID: 13
2022-11-10 17:06:12.711|INFO|pool-1-thread-3|www.larkmidtable.com.HongHuStart|lambda$main$0|39|任务处理线程ID: 14
2022-11-10 17:06:12.712|INFO|pool-1-thread-4|www.larkmidtable.com.HongHuStart|lambda$main$0|39|任务处理线程ID: 15
2022-11-10 17:06:12.712|INFO|pool-1-thread-5|www.larkmidtable.com.HongHuStart|lambda$main$0|39|任务处理线程ID: 16
2022-11-10 17:06:31.754|INFO|main|www.larkmidtable.com.HongHuStart|main|25|Hello! 鸿鹄!
2022-11-10 17:06:31.762|INFO|main|www.larkmidtable.com.HongHuStart|main|33|test
2022-11-10 17:06:31.762|INFO|main|www.larkmidtable.com.HongHuStart|main|34|开始迁移任务!
2022-11-10 17:06:31.799|INFO|pool-1-thread-1|www.larkmidtable.com.HongHuStart|lambda$main$0|39|任务处理线程ID: 12
2022-11-10 17:06:31.799|INFO|pool-1-thread-2|www.larkmidtable.com.HongHuStart|lambda$main$0|39|任务处理线程ID: 13
2022-11-10 17:06:31.799|INFO|pool-1-thread-3|www.larkmidtable.com.HongHuStart|lambda$main$0|39|任务处理线程ID: 14
2022-11-10 17:06:31.799|INFO|main|www.larkmidtable.com.HongHuStart|main|48|结束迁移任务!
2022-11-10 17:06:31.799|INFO|pool-1-thread-4|www.larkmidtable.com.HongHuStart|lambda$main$0|39|任务处理线程ID: 15
2022-11-10 17:06:31.799|INFO|pool-1-thread-5|www.larkmidtable.com.HongHuStart|lambda$main$0|39|任务处理线程ID: 16
2022-11-10 17:06:32.801|INFO|pool-1-thread-5|www.larkmidtable.com.HongHuStart|lambda$main$0|39|任务处理线程ID: 16
2022-11-10 17:06:32.801|INFO|pool-1-thread-1|www.larkmidtable.com.HongHuStart|lambda$main$0|39|任务处理线程ID: 12
2022-11-10 17:06:32.801|INFO|pool-1-thread-2|www.larkmidtable.com.HongHuStart|lambda$main$0|39|任务处理线程ID: 13
2022-11-10 17:06:32.801|INFO|pool-1-thread-3|www.larkmidtable.com.HongHuStart|lambda$main$0|39|任务处理线程ID: 14
2022-11-10 17:06:32.801|INFO|pool-1-thread-4|www.larkmidtable.com.HongHuStart|lambda$main$0|39|任务处理线程ID: 15
2022-11-10 17:07:04.745|INFO|main|www.larkmidtable.com.HongHuStart|main|25|Hello! 鸿鹄!
2022-11-10 17:07:04.755|INFO|main|www.larkmidtable.com.HongHuStart|main|33|传递的参数: 
2022-11-10 17:07:04.756|INFO|main|www.larkmidtable.com.HongHuStart|main|34|开始迁移任务!
2022-11-10 17:07:04.795|INFO|pool-1-thread-2|www.larkmidtable.com.HongHuStart|lambda$main$0|39|任务处理线程ID: 13
2022-11-10 17:07:04.795|INFO|pool-1-thread-1|www.larkmidtable.com.HongHuStart|lambda$main$0|39|任务处理线程ID: 12
2022-11-10 17:07:04.795|INFO|pool-1-thread-3|www.larkmidtable.com.HongHuStart|lambda$main$0|39|任务处理线程ID: 14
2022-11-10 17:07:04.795|INFO|main|www.larkmidtable.com.HongHuStart|main|48|结束迁移任务!
2022-11-10 17:07:04.795|INFO|pool-1-thread-4|www.larkmidtable.com.HongHuStart|lambda$main$0|39|任务处理线程ID: 15
2022-11-10 17:07:04.795|INFO|pool-1-thread-5|www.larkmidtable.com.HongHuStart|lambda$main$0|39|任务处理线程ID: 16
2022-11-10 17:07:05.795|INFO|pool-1-thread-4|www.larkmidtable.com.HongHuStart|lambda$main$0|39|任务处理线程ID: 15
2022-11-10 17:07:05.795|INFO|pool-1-thread-2|www.larkmidtable.com.HongHuStart|lambda$main$0|39|任务处理线程ID: 13
2022-11-10 17:07:05.795|INFO|pool-1-thread-1|www.larkmidtable.com.HongHuStart|lambda$main$0|39|任务处理线程ID: 12
2022-11-10 17:07:05.795|INFO|pool-1-thread-3|www.larkmidtable.com.HongHuStart|lambda$main$0|39|任务处理线程ID: 14
2022-11-10 17:07:05.796|INFO|pool-1-thread-5|www.larkmidtable.com.HongHuStart|lambda$main$0|39|任务处理线程ID: 16
2022-11-10 17:08:01.125|INFO|main|www.larkmidtable.com.HongHuStart|main|25|Hello! 鸿鹄!
2022-11-10 17:08:01.136|INFO|main|www.larkmidtable.com.HongHuStart|main|33|传递的参数:test 
2022-11-10 17:08:01.138|INFO|main|www.larkmidtable.com.HongHuStart|main|34|开始迁移任务!
2022-11-10 17:08:01.188|INFO|pool-1-thread-2|www.larkmidtable.com.HongHuStart|lambda$main$0|39|任务处理线程ID: 13
2022-11-10 17:08:01.188|INFO|pool-1-thread-1|www.larkmidtable.com.HongHuStart|lambda$main$0|39|任务处理线程ID: 12
2022-11-10 17:08:01.188|INFO|pool-1-thread-3|www.larkmidtable.com.HongHuStart|lambda$main$0|39|任务处理线程ID: 14
2022-11-10 17:08:01.188|INFO|main|www.larkmidtable.com.HongHuStart|main|48|结束迁移任务!
2022-11-10 17:08:01.188|INFO|pool-1-thread-4|www.larkmidtable.com.HongHuStart|lambda$main$0|39|任务处理线程ID: 15
2022-11-10 17:08:01.188|INFO|pool-1-thread-5|www.larkmidtable.com.HongHuStart|lambda$main$0|39|任务处理线程ID: 16
2022-11-10 17:08:02.188|INFO|pool-1-thread-1|www.larkmidtable.com.HongHuStart|lambda$main$0|39|任务处理线程ID: 12
2022-11-10 17:08:02.188|INFO|pool-1-thread-2|www.larkmidtable.com.HongHuStart|lambda$main$0|39|任务处理线程ID: 13
2022-11-10 17:08:02.189|INFO|pool-1-thread-4|www.larkmidtable.com.HongHuStart|lambda$main$0|39|任务处理线程ID: 15
2022-11-10 17:08:02.189|INFO|pool-1-thread-3|www.larkmidtable.com.HongHuStart|lambda$main$0|39|任务处理线程ID: 14
2022-11-10 17:08:02.189|INFO|pool-1-thread-5|www.larkmidtable.com.HongHuStart|lambda$main$0|39|任务处理线程ID: 16
